<?xml version="1.0" encoding="UTF-8"?>
<!-- Generated by org.testng.reporters.JUnitReportReporter -->
<testsuite skipped="0" hostname="PTBLR-1085-PC" name="com.tests.TestLoginForApplicaion" tests="1" failures="0" timestamp="02 Jun 2017 13:36:54 GMT" time="41.035" errors="0">
  <testcase name="loginAndVerifyTitle" time="41.035" classname="com.tests.TestLoginForApplicaion"/>
</testsuite> <!-- com.tests.TestLoginForApplicaion -->
