<?xml version="1.0" encoding="UTF-8"?>
<!-- Generated by org.testng.reporters.JUnitReportReporter -->
<testsuite skipped="0" hostname="BDC7-L-4HKNLC2" name="com.seleniumtraining.Lecture3_TestNGAnnotations" tests="2" failures="0" timestamp="07 May 2017 01:35:21 GMT" time="0.001" errors="0">
  <testcase name="printStuff" time="0.001" classname="com.seleniumtraining.Lecture3_TestNGAnnotations"/>
  <testcase name="printStuff" time="0.000" classname="com.seleniumtraining.Lecture3_TestNGAnnotations"/>
</testsuite> <!-- com.seleniumtraining.Lecture3_TestNGAnnotations -->
