<?xml version="1.0" encoding="UTF-8"?>
<!-- Generated by org.testng.reporters.JUnitReportReporter -->
<testsuite skipped="0" hostname="BDC7-L-4HKNLC2" name="com.seleniumtraining.Lecture2_WebElements" tests="1" failures="0" timestamp="07 May 2017 01:35:21 GMT" time="10.070" errors="0">
  <testcase name="Slider" time="10.070" classname="com.seleniumtraining.Lecture2_WebElements"/>
</testsuite> <!-- com.seleniumtraining.Lecture2_WebElements -->
